{"context":"UserController","level":"error","message":"Error updating user with ID 1: Cannot read properties of undefined (reading 'password')","timestamp":"2025-12-21T14:48:34.616Z"}
{"context":"HTTP","duration":"3 ms","ip":"::1","level":"error","message":"PUT /api/user/1 500 - 3ms","method":"PUT","timestamp":"2025-12-21T14:48:34.617Z","url":"/api/user/1"}
{"context":"UserController","level":"error","message":"Error updating user with ID 1: Cannot read properties of undefined (reading 'password')","timestamp":"2025-12-21T14:50:40.518Z"}
{"context":"HTTP","duration":"60 ms","ip":"::1","level":"error","message":"PUT /api/user/1 500 - 60ms","method":"PUT","timestamp":"2025-12-21T14:50:40.524Z","url":"/api/user/1"}
{"context":"UserController","level":"error","message":"Error updating user with ID 1: Cannot read properties of undefined (reading 'password')","timestamp":"2025-12-21T14:51:02.721Z"}
{"context":"HTTP","duration":"223 ms","ip":"::1","level":"error","message":"PUT /api/user/1 500 - 223ms","method":"PUT","timestamp":"2025-12-21T14:51:02.762Z","url":"/api/user/1"}
{"context":"UserController","level":"error","message":"Error updating user with ID 1: Bind parameters must not contain undefined. To pass SQL NULL specify JS null","timestamp":"2025-12-21T14:53:07.111Z"}
{"context":"HTTP","duration":"163 ms","ip":"::1","level":"error","message":"PUT /api/user/1 500 - 163ms","method":"PUT","timestamp":"2025-12-21T14:53:07.117Z","url":"/api/user/1"}
{"context":"ProductController","level":"error","message":"Error creating product: Bind parameters must not contain undefined. To pass SQL NULL specify JS null","timestamp":"2025-12-21T15:07:41.480Z"}
{"context":"HTTP","duration":"5 ms","ip":"::1","level":"error","message":"POST /api/product 500 - 5ms","method":"POST","timestamp":"2025-12-21T15:07:41.482Z","url":"/api/product"}
{"context":"ProductController","level":"error","message":"Error creating product: Bind parameters must not contain undefined. To pass SQL NULL specify JS null","timestamp":"2025-12-21T15:09:11.506Z"}
{"context":"HTTP","duration":"4 ms","ip":"::1","level":"error","message":"POST /api/product 500 - 4ms","method":"POST","timestamp":"2025-12-21T15:09:11.507Z","url":"/api/product"}
{"context":"ProductController","level":"error","message":"Error creating product: Bind parameters must not contain undefined. To pass SQL NULL specify JS null","timestamp":"2025-12-21T15:09:19.820Z"}
{"context":"HTTP","duration":"3 ms","ip":"::1","level":"error","message":"POST /api/product 500 - 3ms","method":"POST","timestamp":"2025-12-21T15:09:19.821Z","url":"/api/product"}
{"context":"ProductController","level":"error","message":"Error creating product: Bind parameters must not contain undefined. To pass SQL NULL specify JS null","timestamp":"2025-12-21T15:10:52.492Z"}
{"context":"HTTP","duration":"4 ms","ip":"::1","level":"error","message":"POST /api/product 500 - 4ms","method":"POST","timestamp":"2025-12-21T15:10:52.495Z","url":"/api/product"}
{"context":"ProductController","level":"error","message":"Error creating product: Bind parameters must not contain undefined. To pass SQL NULL specify JS null","timestamp":"2025-12-21T15:11:37.654Z"}
{"context":"HTTP","duration":"146 ms","ip":"::1","level":"error","message":"POST /api/product 500 - 146ms","method":"POST","timestamp":"2025-12-21T15:11:37.661Z","url":"/api/product"}
{"context":"ProductController","level":"error","message":"Error updating product with ID 1: Bind parameters must not contain undefined. To pass SQL NULL specify JS null","timestamp":"2025-12-21T15:18:12.033Z"}
{"context":"HTTP","duration":"7 ms","ip":"::1","level":"error","message":"PUT /api/product/1 500 - 7ms","method":"PUT","timestamp":"2025-12-21T15:18:12.036Z","url":"/api/product/1"}
{"context":"ProductVariantController","level":"error","message":"Error creating product variant: Cannot add or update a child row: a foreign key constraint fails (`wow_db`.`product_variants`, CONSTRAINT `product_variants_ibfk_1` FOREIGN KEY (`product_id`) REFERENCES `products` (`id`) ON DELETE CASCADE)","timestamp":"2025-12-21T15:22:13.501Z"}
{"context":"HTTP","duration":"47 ms","ip":"::1","level":"error","message":"POST /api/product-variant 500 - 47ms","method":"POST","timestamp":"2025-12-21T15:22:13.503Z","url":"/api/product-variant"}
{"context":"OrderController","level":"error","message":"Error creating order: Converting circular structure to JSON\n    --> starting at object with constructor 'Object'\n    |     property 'order_item_id' -> object with constructor 'Object'\n    |     property 'itemVariants' -> object with constructor 'Array'\n    --- index 0 closes the circle","timestamp":"2025-12-21T15:47:28.480Z"}
{"context":"HTTP","duration":"56 ms","ip":"::1","level":"error","message":"POST /api/order 500 - 56ms","method":"POST","timestamp":"2025-12-21T15:47:28.482Z","url":"/api/order"}
{"context":"OrderController","level":"error","message":"Error creating order: item is not defined","timestamp":"2025-12-21T15:51:07.353Z"}
{"context":"HTTP","duration":"88 ms","ip":"::1","level":"error","message":"POST /api/order 500 - 88ms","method":"POST","timestamp":"2025-12-21T15:51:07.364Z","url":"/api/order"}
{"context":"OrderController","level":"error","message":"Error creating order: Incorrect integer value: '{\"id\":3,\"order_id\":3,\"product_id\":\"2\",\"quantity\":1,\"price_at_order\":1000,\"notes\":null}' for column 'order_item_id' at row 1","timestamp":"2025-12-21T16:00:09.709Z"}
{"context":"HTTP","duration":"65 ms","ip":"::1","level":"error","message":"POST /api/order 500 - 65ms","method":"POST","timestamp":"2025-12-21T16:00:09.719Z","url":"/api/order"}
{"context":"OrderController","level":"error","message":"Error updating order with ID 4: Bind parameters must not contain undefined. To pass SQL NULL specify JS null","timestamp":"2025-12-21T16:05:04.722Z"}
{"context":"HTTP","duration":"55 ms","ip":"::1","level":"error","message":"PUT /api/order/4 500 - 55ms","method":"PUT","timestamp":"2025-12-21T16:05:04.729Z","url":"/api/order/4"}
{"context":"OrderController","level":"error","message":"Error updating order with ID 4: Bind parameters must not contain undefined. To pass SQL NULL specify JS null","timestamp":"2025-12-21T16:05:50.932Z"}
{"context":"HTTP","duration":"55 ms","ip":"::1","level":"error","message":"PUT /api/order/4 500 - 55ms","method":"PUT","timestamp":"2025-12-21T16:05:50.940Z","url":"/api/order/4"}
{"context":"OrderController","level":"error","message":"Error updating order with ID 4: Bind parameters must not contain undefined. To pass SQL NULL specify JS null","timestamp":"2025-12-21T16:08:26.898Z"}
{"context":"HTTP","duration":"57 ms","ip":"::1","level":"error","message":"PUT /api/order/4 500 - 57ms","method":"PUT","timestamp":"2025-12-21T16:08:26.905Z","url":"/api/order/4"}
{"context":"OrderController","level":"error","message":"Error updating order with ID 4: Bind parameters must not contain undefined. To pass SQL NULL specify JS null","timestamp":"2025-12-21T16:09:01.338Z"}
{"context":"HTTP","duration":"49 ms","ip":"::1","level":"error","message":"PUT /api/order/4 500 - 49ms","method":"PUT","timestamp":"2025-12-21T16:09:01.346Z","url":"/api/order/4"}
{"context":"OrderController","level":"error","message":"Error updating order with ID 4: Bind parameters must not contain undefined. To pass SQL NULL specify JS null","timestamp":"2025-12-21T16:09:42.994Z"}
{"context":"HTTP","duration":"53 ms","ip":"::1","level":"error","message":"PUT /api/order/4 500 - 53ms","method":"PUT","timestamp":"2025-12-21T16:09:43.004Z","url":"/api/order/4"}
{"context":"OrderController","level":"error","message":"Error updating order with ID 4: Bind parameters must not contain undefined. To pass SQL NULL specify JS null","timestamp":"2025-12-21T16:10:21.069Z"}
{"context":"HTTP","duration":"51 ms","ip":"::1","level":"error","message":"PUT /api/order/4 500 - 51ms","method":"PUT","timestamp":"2025-12-21T16:10:21.075Z","url":"/api/order/4"}
{"context":"OrderController","level":"error","message":"Error updating order with ID 4: Incorrect integer value: '{\"id\":5,\"order_id\":\"4\",\"product_id\":\"2\",\"quantity\":1,\"price_at_order\":1000,\"notes\":null}' for column 'order_item_id' at row 1","timestamp":"2025-12-21T16:15:57.742Z"}
{"context":"HTTP","duration":"92 ms","ip":"::1","level":"error","message":"PUT /api/order/4 500 - 92ms","method":"PUT","timestamp":"2025-12-21T16:15:57.749Z","url":"/api/order/4"}
{"context":"OrderController","level":"error","message":"Error creating order: Bind parameters must not contain undefined. To pass SQL NULL specify JS null","timestamp":"2025-12-21T18:00:17.329Z"}
{"context":"HTTP","duration":"43 ms","ip":"::1","level":"error","message":"POST /api/order 500 - 43ms","method":"POST","timestamp":"2025-12-21T18:00:17.331Z","url":"/api/order"}
{"level":"error","message":"Login Error: Cannot destructure property 'username' of 'req.body' as it is undefined.","module":"AuthRoute","timestamp":"2025-12-21T18:08:22.073Z"}
{"level":"error","message":"Login Error: Cannot destructure property 'username' of 'req.body' as it is undefined.","module":"AuthRoute","timestamp":"2025-12-21T18:12:27.608Z"}
{"level":"error","message":"Login Error: Cannot destructure property 'username' of 'req.body' as it is undefined.","module":"AuthRoute","timestamp":"2025-12-21T18:12:32.434Z"}
{"level":"error","message":"Login Error: Cannot destructure property 'username' of 'req.body' as it is undefined.","module":"AuthRoute","timestamp":"2025-12-21T18:14:44.635Z"}
{"level":"error","message":"Login Error: Cannot destructure property 'username' of 'req.body' as it is undefined.","module":"AuthRoute","timestamp":"2025-12-21T18:16:16.261Z"}
{"level":"error","message":"Login Error: Cannot destructure property 'username' of 'req.body' as it is undefined.","module":"AuthRoute","timestamp":"2025-12-21T18:17:49.311Z"}
{"level":"error","message":"Login Error: Cannot destructure property 'username' of 'req.body' as it is undefined.","module":"AuthRoute","timestamp":"2025-12-21T18:18:32.475Z"}
{"level":"error","message":"Login Error: Cannot destructure property 'username' of 'req.body' as it is undefined.","module":"AuthRoute","timestamp":"2025-12-21T18:19:53.723Z"}
{"level":"error","message":"Login Error: Cannot destructure property 'username' of 'req.body' as it is undefined.","module":"AuthRoute","timestamp":"2025-12-21T18:19:54.181Z"}
{"level":"error","message":"Login Error: Cannot destructure property 'username' of 'req.body' as it is undefined.","module":"AuthRoute","timestamp":"2025-12-21T18:20:59.903Z"}
{"level":"error","message":"Login Error: Cannot destructure property 'username' of 'req.body' as it is undefined.","module":"AuthRoute","timestamp":"2025-12-21T18:21:52.498Z"}
{"level":"error","message":"Login Error: Cannot destructure property 'username' of 'req.body' as it is undefined.","module":"AuthRoute","timestamp":"2025-12-21T18:22:48.379Z"}
{"context":"ProductController","level":"error","message":"Error updating product with ID 3: Bind parameters must not contain undefined. To pass SQL NULL specify JS null","timestamp":"2025-12-22T00:54:06.557Z"}
{"context":"HTTP","duration":"10 ms","ip":"::1","level":"error","message":"PUT /api/product/3 500 - 10ms","method":"PUT","timestamp":"2025-12-22T00:54:06.559Z","url":"/api/product/3"}
{"context":"ProductController","level":"error","message":"Error updating product with ID 3: Bind parameters must not contain undefined. To pass SQL NULL specify JS null","timestamp":"2025-12-22T00:55:26.519Z"}
{"context":"HTTP","duration":"4 ms","ip":"::1","level":"error","message":"PUT /api/product/3 500 - 4ms","method":"PUT","timestamp":"2025-12-22T00:55:26.521Z","url":"/api/product/3"}
{"context":"HTTP","duration":"44 ms","ip":"::1","level":"error","message":"PUT /api/product/3 500 - 44ms","method":"PUT","timestamp":"2025-12-22T00:56:32.486Z","url":"/api/product/3"}
{"context":"OrderController","level":"error","message":"Error updating order with ID 3: Bind parameters must not contain undefined. To pass SQL NULL specify JS null","timestamp":"2025-12-22T05:06:27.661Z"}
{"context":"HTTP","duration":"27 ms","ip":"::1","level":"error","message":"PUT /api/order/3 500 - 27ms","method":"PUT","timestamp":"2025-12-22T05:06:27.669Z","url":"/api/order/3"}
{"context":"OrderController","level":"error","message":"Error fetching all orders: You have an error in your SQL syntax; check the manual that corresponds to your MySQL server version for the right syntax to use near '= products.id JOIN product_variants ON order_item_variants.product_variant_id = ' at line 1","timestamp":"2025-12-22T05:10:51.830Z"}
{"context":"HTTP","duration":"204 ms","ip":"::1","level":"error","message":"GET /api/order 500 - 204ms","method":"GET","timestamp":"2025-12-22T05:10:51.853Z","url":"/api/order"}
{"context":"OrderController","level":"error","message":"Error fetching all orders: You have an error in your SQL syntax; check the manual that corresponds to your MySQL server version for the right syntax to use near '= products.id JOIN product_variants ON order_item_variants.product_variant_id = ' at line 1","timestamp":"2025-12-22T05:10:51.875Z"}
{"context":"HTTP","duration":"22 ms","ip":"::1","level":"error","message":"GET /api/order 500 - 22ms","method":"GET","timestamp":"2025-12-22T05:10:51.882Z","url":"/api/order"}
{"context":"OrderController","level":"error","message":"Error fetching all orders: Unknown column 'order_item_variants.product_variant_id' in 'on clause'","timestamp":"2025-12-22T05:11:59.120Z"}
{"context":"HTTP","duration":"179 ms","ip":"::1","level":"error","message":"GET /api/order 500 - 179ms","method":"GET","timestamp":"2025-12-22T05:11:59.135Z","url":"/api/order"}
{"context":"OrderController","level":"error","message":"Error fetching all orders: Unknown column 'order_item_variants.product_variant_id' in 'on clause'","timestamp":"2025-12-22T05:11:59.153Z"}
{"context":"HTTP","duration":"18 ms","ip":"::1","level":"error","message":"GET /api/order 500 - 18ms","method":"GET","timestamp":"2025-12-22T05:11:59.161Z","url":"/api/order"}
{"context":"OrderController","level":"error","message":"Error fetching all orders: \"\" is not a function","timestamp":"2025-12-22T05:14:46.106Z"}
{"context":"HTTP","duration":"153 ms","ip":"::1","level":"error","message":"GET /api/order 500 - 153ms","method":"GET","timestamp":"2025-12-22T05:14:46.121Z","url":"/api/order"}
{"context":"OrderController","level":"error","message":"Error fetching all orders: \"\" is not a function","timestamp":"2025-12-22T05:14:46.135Z"}
{"context":"HTTP","duration":"12 ms","ip":"::1","level":"error","message":"GET /api/order 500 - 12ms","method":"GET","timestamp":"2025-12-22T05:14:46.138Z","url":"/api/order"}
{"context":"OrderController","level":"error","message":"Error fetching all orders: Unknown column 'order_item_variants.product_variant_id' in 'on clause'","timestamp":"2025-12-22T05:15:47.947Z"}
{"context":"HTTP","duration":"233 ms","ip":"::1","level":"error","message":"GET /api/order 500 - 233ms","method":"GET","timestamp":"2025-12-22T05:15:47.968Z","url":"/api/order"}
{"context":"OrderController","level":"error","message":"Error fetching all orders: Unknown column 'order_item_variants.product_variant_id' in 'on clause'","timestamp":"2025-12-22T05:15:47.988Z"}
{"context":"HTTP","duration":"22 ms","ip":"::1","level":"error","message":"GET /api/order 500 - 22ms","method":"GET","timestamp":"2025-12-22T05:15:48.001Z","url":"/api/order"}
{"context":"OrderController","level":"error","message":"Error fetching all orders: Unknown column 'order_item_variants.product_variant_id' in 'on clause'","timestamp":"2025-12-22T05:15:51.651Z"}
{"context":"HTTP","duration":"16 ms","ip":"::1","level":"error","message":"GET /api/order 500 - 16ms","method":"GET","timestamp":"2025-12-22T05:15:51.659Z","url":"/api/order"}
{"context":"OrderController","level":"error","message":"Error fetching all orders: Unknown column 'order_item_variants.product_variant_id' in 'on clause'","timestamp":"2025-12-22T05:15:51.679Z"}
{"context":"HTTP","duration":"15 ms","ip":"::1","level":"error","message":"GET /api/order 500 - 15ms","method":"GET","timestamp":"2025-12-22T05:15:51.684Z","url":"/api/order"}
{"context":"OrderController","level":"error","message":"Error fetching all orders: Unknown column 'order_item_variants.product_variant_id' in 'on clause'","timestamp":"2025-12-22T05:17:29.303Z"}
{"context":"HTTP","duration":"208 ms","ip":"::1","level":"error","message":"GET /api/order 500 - 208ms","method":"GET","timestamp":"2025-12-22T05:17:29.316Z","url":"/api/order"}
{"context":"OrderController","level":"error","message":"Error fetching all orders: Unknown column 'order_item_variants.product_variant_id' in 'on clause'","timestamp":"2025-12-22T05:17:29.333Z"}
{"context":"HTTP","duration":"16 ms","ip":"::1","level":"error","message":"GET /api/order 500 - 16ms","method":"GET","timestamp":"2025-12-22T05:17:29.338Z","url":"/api/order"}
{"context":"OrderController","level":"error","message":"Error updating order with ID undefined: Bind parameters must not contain undefined. To pass SQL NULL specify JS null","timestamp":"2025-12-22T05:19:52.348Z"}
{"context":"HTTP","duration":"27 ms","ip":"::1","level":"error","message":"PUT /api/order/undefined 500 - 27ms","method":"PUT","timestamp":"2025-12-22T05:19:52.356Z","url":"/api/order/undefined"}
{"context":"OrderController","level":"error","message":"Error fetching all orders: Unknown column 'oiv.product_variant_id' in 'on clause'","timestamp":"2025-12-22T05:23:32.343Z"}
{"context":"HTTP","duration":"277 ms","ip":"::1","level":"error","message":"GET /api/order 500 - 277ms","method":"GET","timestamp":"2025-12-22T05:23:32.377Z","url":"/api/order"}
{"context":"OrderController","level":"error","message":"Error fetching all orders: Unknown column 'oiv.product_variant_id' in 'on clause'","timestamp":"2025-12-22T05:23:33.613Z"}
{"context":"HTTP","duration":"41 ms","ip":"::1","level":"error","message":"GET /api/order 500 - 41ms","method":"GET","timestamp":"2025-12-22T05:23:33.627Z","url":"/api/order"}
{"context":"OrderController","level":"error","message":"Error fetching all orders: Unknown column 'oiv.product_variant_id' in 'on clause'","timestamp":"2025-12-22T05:23:33.655Z"}
{"context":"HTTP","duration":"29 ms","ip":"::ffff:127.0.0.1","level":"error","message":"GET /api/order 500 - 29ms","method":"GET","timestamp":"2025-12-22T05:23:33.665Z","url":"/api/order"}
{"context":"OrderController","level":"error","message":"Error fetching all orders: Unknown column 'oiv.product_variant_id' in 'on clause'","timestamp":"2025-12-22T05:23:39.012Z"}
{"context":"HTTP","duration":"10 ms","ip":"::ffff:127.0.0.1","level":"error","message":"GET /api/order 500 - 10ms","method":"GET","timestamp":"2025-12-22T05:23:39.016Z","url":"/api/order"}
{"context":"OrderController","level":"error","message":"Error fetching all orders: Unknown column 'oiv.product_variant_id' in 'on clause'","timestamp":"2025-12-22T05:23:44.029Z"}
{"context":"HTTP","duration":"16 ms","ip":"::ffff:127.0.0.1","level":"error","message":"GET /api/order 500 - 16ms","method":"GET","timestamp":"2025-12-22T05:23:44.035Z","url":"/api/order"}
{"context":"OrderController","level":"error","message":"Error fetching all orders: Unknown column 'oiv.product_variant_id' in 'on clause'","timestamp":"2025-12-22T05:23:49.016Z"}
{"context":"HTTP","duration":"21 ms","ip":"::ffff:127.0.0.1","level":"error","message":"GET /api/order 500 - 21ms","method":"GET","timestamp":"2025-12-22T05:23:49.023Z","url":"/api/order"}
{"context":"OrderController","level":"error","message":"Error fetching all orders: Unknown column 'oiv.product_variant_id' in 'on clause'","timestamp":"2025-12-22T05:23:54.039Z"}
{"context":"HTTP","duration":"21 ms","ip":"::ffff:127.0.0.1","level":"error","message":"GET /api/order 500 - 21ms","method":"GET","timestamp":"2025-12-22T05:23:54.047Z","url":"/api/order"}
{"context":"OrderController","level":"error","message":"Error fetching all orders: Unknown column 'oiv.product_variant_id' in 'on clause'","timestamp":"2025-12-22T05:23:59.006Z"}
{"context":"HTTP","duration":"15 ms","ip":"::ffff:127.0.0.1","level":"error","message":"GET /api/order 500 - 15ms","method":"GET","timestamp":"2025-12-22T05:23:59.011Z","url":"/api/order"}
{"context":"OrderController","level":"error","message":"Error fetching all orders: Unknown column 'oiv.product_variant_id' in 'on clause'","timestamp":"2025-12-22T05:24:04.029Z"}
{"context":"HTTP","duration":"24 ms","ip":"::ffff:127.0.0.1","level":"error","message":"GET /api/order 500 - 24ms","method":"GET","timestamp":"2025-12-22T05:24:04.038Z","url":"/api/order"}
{"context":"OrderController","level":"error","message":"Error fetching all orders: Unknown column 'oiv.product_variant_id' in 'on clause'","timestamp":"2025-12-22T05:24:09.023Z"}
{"context":"HTTP","duration":"18 ms","ip":"::ffff:127.0.0.1","level":"error","message":"GET /api/order 500 - 18ms","method":"GET","timestamp":"2025-12-22T05:24:09.028Z","url":"/api/order"}
{"context":"OrderController","level":"error","message":"Error fetching all orders: Unknown column 'oiv.product_variant_id' in 'on clause'","timestamp":"2025-12-22T05:24:14.028Z"}
{"context":"HTTP","duration":"17 ms","ip":"::ffff:127.0.0.1","level":"error","message":"GET /api/order 500 - 17ms","method":"GET","timestamp":"2025-12-22T05:24:14.035Z","url":"/api/order"}
{"context":"OrderController","level":"error","message":"Error fetching all orders: Unknown column 'oiv.product_variant_id' in 'on clause'","timestamp":"2025-12-22T05:24:19.008Z"}
{"context":"HTTP","duration":"16 ms","ip":"::ffff:127.0.0.1","level":"error","message":"GET /api/order 500 - 16ms","method":"GET","timestamp":"2025-12-22T05:24:19.014Z","url":"/api/order"}
{"context":"OrderController","level":"error","message":"Error fetching all orders: Unknown column 'oiv.product_variant_id' in 'on clause'","timestamp":"2025-12-22T05:24:24.025Z"}
{"context":"HTTP","duration":"16 ms","ip":"::ffff:127.0.0.1","level":"error","message":"GET /api/order 500 - 16ms","method":"GET","timestamp":"2025-12-22T05:24:24.030Z","url":"/api/order"}
{"context":"OrderController","level":"error","message":"Error fetching all orders: Unknown column 'oiv.product_variant_id' in 'on clause'","timestamp":"2025-12-22T05:24:29.015Z"}
{"context":"HTTP","duration":"17 ms","ip":"::ffff:127.0.0.1","level":"error","message":"GET /api/order 500 - 17ms","method":"GET","timestamp":"2025-12-22T05:24:29.021Z","url":"/api/order"}
{"context":"OrderController","level":"error","message":"Error fetching all orders: Unknown column 'oiv.product_variant_id' in 'on clause'","timestamp":"2025-12-22T05:24:33.976Z"}
{"context":"HTTP","duration":"17 ms","ip":"::ffff:127.0.0.1","level":"error","message":"GET /api/order 500 - 17ms","method":"GET","timestamp":"2025-12-22T05:24:33.982Z","url":"/api/order"}
{"context":"OrderController","level":"error","message":"Error fetching all orders: Unknown column 'oiv.product_variant_id' in 'on clause'","timestamp":"2025-12-22T05:24:45.212Z"}
{"context":"HTTP","duration":"25 ms","ip":"::1","level":"error","message":"GET /api/order 500 - 25ms","method":"GET","timestamp":"2025-12-22T05:24:45.223Z","url":"/api/order"}
{"context":"OrderController","level":"error","message":"Error fetching all orders: Unknown column 'oiv.product_variant_id' in 'on clause'","timestamp":"2025-12-22T05:24:45.245Z"}
{"context":"HTTP","duration":"22 ms","ip":"::1","level":"error","message":"GET /api/order 500 - 22ms","method":"GET","timestamp":"2025-12-22T05:24:45.252Z","url":"/api/order"}
{"context":"OrderController","level":"error","message":"Error updating order with ID 5: Bind parameters must not contain undefined. To pass SQL NULL specify JS null","timestamp":"2025-12-22T05:36:38.188Z"}
{"context":"HTTP","duration":"5 ms","ip":"::1","level":"error","message":"PUT /api/order/5 500 - 5ms","method":"PUT","timestamp":"2025-12-22T05:36:38.190Z","url":"/api/order/5"}
{"context":"OrderController","level":"error","message":"Error updating order with ID 6: Bind parameters must not contain undefined. To pass SQL NULL specify JS null","timestamp":"2025-12-22T05:37:08.478Z"}
{"context":"HTTP","duration":"4 ms","ip":"::1","level":"error","message":"PUT /api/order/6 500 - 4ms","method":"PUT","timestamp":"2025-12-22T05:37:08.479Z","url":"/api/order/6"}
{"context":"OrderController","level":"error","message":"Error updating order with ID 6: Bind parameters must not contain undefined. To pass SQL NULL specify JS null","timestamp":"2025-12-22T05:49:22.222Z"}
{"context":"HTTP","duration":"7 ms","ip":"::1","level":"error","message":"PUT /api/order/6 500 - 7ms","method":"PUT","timestamp":"2025-12-22T05:49:22.224Z","url":"/api/order/6"}
{"context":"ProductController","level":"error","message":"Error updating product with ID 2: Bind parameters must not contain undefined. To pass SQL NULL specify JS null","timestamp":"2025-12-22T11:29:34.474Z"}
{"context":"HTTP","duration":"44 ms","ip":"::1","level":"error","message":"PUT /api/product/2 500 - 44ms","method":"PUT","timestamp":"2025-12-22T11:29:34.477Z","url":"/api/product/2"}
{"context":"ProductController","level":"error","message":"Error updating product with ID 2: Bind parameters must not contain undefined. To pass SQL NULL specify JS null","timestamp":"2025-12-22T11:32:26.764Z"}
{"context":"HTTP","duration":"14 ms","ip":"::1","level":"error","message":"PUT /api/product/2 500 - 14ms","method":"PUT","timestamp":"2025-12-22T11:32:26.769Z","url":"/api/product/2"}
{"context":"OrderController","level":"error","message":"Error updating order with ID 8: Bind parameters must not contain undefined. To pass SQL NULL specify JS null","timestamp":"2025-12-22T12:21:32.277Z"}
{"context":"HTTP","duration":"18 ms","ip":"::1","level":"error","message":"PUT /api/order/8 500 - 18ms","method":"PUT","timestamp":"2025-12-22T12:21:32.282Z","url":"/api/order/8"}
{"context":"OrderController","level":"error","message":"Error updating order with ID 8: Bind parameters must not contain undefined. To pass SQL NULL specify JS null","timestamp":"2025-12-22T15:18:30.528Z"}
{"context":"HTTP","duration":"6 ms","ip":"::1","level":"error","message":"PUT /api/order/8 500 - 6ms","method":"PUT","timestamp":"2025-12-22T15:18:30.529Z","url":"/api/order/8"}
{"context":"ProductController","level":"error","message":"Error updating product with ID 4: Bind parameters must not contain undefined. To pass SQL NULL specify JS null","timestamp":"2025-12-22T15:33:14.787Z"}
{"context":"HTTP","duration":"8 ms","ip":"::1","level":"error","message":"PUT /api/product/4 500 - 8ms","method":"PUT","timestamp":"2025-12-22T15:33:14.789Z","url":"/api/product/4"}
{"context":"HTTP","duration":"8 ms","ip":"::1","level":"error","message":"PUT /api/product/4/availability 500 - 8ms","method":"PUT","timestamp":"2025-12-22T15:34:40.758Z","url":"/api/product/4/availability"}
{"context":"HTTP","duration":"3 ms","ip":"::1","level":"error","message":"PUT /api/product/4/availability 500 - 3ms","method":"PUT","timestamp":"2025-12-22T15:34:43.975Z","url":"/api/product/4/availability"}
{"context":"HTTP","duration":"8 ms","ip":"::1","level":"error","message":"PUT /api/product/4/availability 500 - 8ms","method":"PUT","timestamp":"2025-12-22T15:37:49.927Z","url":"/api/product/4/availability"}
{"context":"HTTP","duration":"8 ms","ip":"::1","level":"error","message":"PUT /api/product/4/availability 500 - 8ms","method":"PUT","timestamp":"2025-12-22T15:42:06.894Z","url":"/api/product/4/availability"}
{"context":"HTTP","duration":"2 ms","ip":"::1","level":"error","message":"PUT /api/product/4/availability 500 - 2ms","method":"PUT","timestamp":"2025-12-22T15:42:58.940Z","url":"/api/product/4/availability"}
{"context":"HTTP","duration":"8 ms","ip":"::1","level":"error","message":"PUT /api/product/4/availability 500 - 8ms","method":"PUT","timestamp":"2025-12-22T15:43:34.654Z","url":"/api/product/4/availability"}
{"context":"HTTP","duration":"19 ms","ip":"::1","level":"error","message":"PUT /api/product/4/availability 500 - 19ms","method":"PUT","timestamp":"2025-12-22T15:43:44.507Z","url":"/api/product/4/availability"}
{"context":"HTTP","duration":"7 ms","ip":"::1","level":"error","message":"PUT /api/product/4/availability 500 - 7ms","method":"PUT","timestamp":"2025-12-22T15:46:34.590Z","url":"/api/product/4/availability"}
{"context":"OrderController","level":"error","message":"Error fetching order by ID 10: result is not defined","timestamp":"2025-12-23T07:12:13.690Z"}
{"context":"HTTP","duration":"160 ms","ip":"::1","level":"error","message":"GET /api/order/10 500 - 160ms","method":"GET","timestamp":"2025-12-23T07:12:13.713Z","url":"/api/order/10"}
{"context":"OrderController","level":"error","message":"Error fetching order by ID 10: result is not defined","timestamp":"2025-12-23T07:12:13.722Z"}
{"context":"HTTP","duration":"9 ms","ip":"::1","level":"error","message":"GET /api/order/10 500 - 9ms","method":"GET","timestamp":"2025-12-23T07:12:13.727Z","url":"/api/order/10"}
{"context":"OrderController","level":"error","message":"Error creating order: Format QRIS tidak valid (Tag 58 tidak ditemukan)","timestamp":"2026-05-08T10:01:15.616Z"}
{"context":"HTTP","duration":"52 ms","ip":"::ffff:10.88.21.97","level":"error","message":"POST /api/order 500 - 52ms","method":"POST","timestamp":"2026-05-08T10:01:15.621Z","url":"/api/order"}
{"context":"OrderController","level":"error","message":"Error creating order: Format QRIS tidak valid (Tag 58 tidak ditemukan)","timestamp":"2026-05-08T10:01:33.362Z"}
{"context":"HTTP","duration":"52 ms","ip":"::ffff:10.88.21.97","level":"error","message":"POST /api/order 500 - 52ms","method":"POST","timestamp":"2026-05-08T10:01:33.365Z","url":"/api/order"}
